<?xml version="1.0" encoding="UTF-8"?>
<!-- Generated by org.testng.reporters.JUnitReportReporter -->
<testsuite hostname="TYSS-Akash-Deb" failures="0" tests="2" name="webElement.textbox.GroupExecution" time="0.007" errors="0" timestamp="24 Feb 2024 06:30:41 GMT" skipped="0">
  <testcase classname="webElement.textbox.GroupExecution" name="test5" time="0.001"/>
  <testcase classname="webElement.textbox.GroupExecution" name="test2" time="0.006"/>
</testsuite> <!-- webElement.textbox.GroupExecution -->
