<?xml version="1.0" encoding="UTF-8"?>
<!-- Generated by org.testng.reporters.JUnitReportReporter -->
<testsuite hostname="TYSS-Akash-Deb" failures="0" tests="1" name="webElement.textbox.ToRegisterUserAndLoginUser" time="2.636" errors="0" timestamp="24 Feb 2024 06:06:41 GMT" skipped="0">
  <testcase classname="webElement.textbox.ToRegisterUserAndLoginUser" name="toRegisterUser" time="2.636"/>
</testsuite> <!-- webElement.textbox.ToRegisterUserAndLoginUser -->
