<?xml version="1.0" encoding="UTF-8"?>
<!-- Generated by org.testng.reporters.JUnitReportReporter -->
<testsuite hostname="TYSS-Akash-Deb" failures="0" tests="3" name="webElement.textbox.CrossBrowserGoogleTest" time="24.733" errors="0" timestamp="24 Feb 2024 06:23:54 GMT" skipped="0">
  <testcase classname="webElement.textbox.CrossBrowserGoogleTest" name="googleTest" time="7.498"/>
  <testcase classname="webElement.textbox.CrossBrowserGoogleTest" name="googleTest" time="11.775"/>
  <testcase classname="webElement.textbox.CrossBrowserGoogleTest" name="googleTest" time="5.460"/>
</testsuite> <!-- webElement.textbox.CrossBrowserGoogleTest -->
