<?xml version="1.0" encoding="UTF-8"?>
<!-- Generated by org.testng.reporters.JUnitReportReporter -->
<testsuite hostname="TYSS-Akash-Deb" failures="0" tests="1" name="webElement.textbox.GoogleTest" time="28.801" errors="0" timestamp="24 Feb 2024 06:14:12 GMT" skipped="0">
  <testcase classname="webElement.textbox.GoogleTest" name="googleTest" time="28.801"/>
</testsuite> <!-- webElement.textbox.GoogleTest -->
